# JRE version: Java(TM) SE Runtime Environment (8.0_181-b13) (build 1.8.0_181-b13)
# Java VM: Java HotSpot(TM) 64-Bit Server VM (25.181-b13 mixed mode windows-amd64 compressed oops)
Heap:
 PSYoungGen      total 322560K, used 65688K [0x00000000e0000000, 0x00000000f8900000, 0x0000000100000000)
  eden space 300544K, 19% used [0x00000000e0000000,0x00000000e3844498,0x00000000f2580000)
  from space 22016K, 36% used [0x00000000f4c80000,0x00000000f5461be0,0x00000000f6200000)
  to   space 39936K, 0% used [0x00000000f2580000,0x00000000f2580000,0x00000000f4c80000)
 ParOldGen       total 202752K, used 106484K [0x00000000a0000000, 0x00000000ac600000, 0x00000000e0000000)
  object space 202752K, 52% used [0x00000000a0000000,0x00000000a67fd1a8,0x00000000ac600000)
 Metaspace       used 90541K, capacity 93434K, committed 93696K, reserved 1130496K
  class space    used 11796K, capacity 12450K, committed 12544K, reserved 1048576K
GC Heap History (10 events):
Event: 123.749 GC heap before
{Heap before GC invocations=18 (full 3):
 PSYoungGen      total 204288K, used 198660K [0x00000000e0000000, 0x00000000ed900000, 0x0000000100000000)
  eden space 187392K, 100% used [0x00000000e0000000,0x00000000eb700000,0x00000000eb700000)
  from space 16896K, 66% used [0x00000000ec800000,0x00000000ed301100,0x00000000ed880000)
  to   space 17408K, 0% used [0x00000000eb700000,0x00000000eb700000,0x00000000ec800000)
 ParOldGen       total 100352K, used 36175K [0x00000000a0000000, 0x00000000a6200000, 0x00000000e0000000)
  object space 100352K, 36% used [0x00000000a0000000,0x00000000a2353cf0,0x00000000a6200000)
 Metaspace       used 67573K, capacity 69862K, committed 70016K, reserved 1110016K
  class space    used 9325K, capacity 9807K, committed 9856K, reserved 1048576K
Event: 123.872 GC heap after
Heap after GC invocations=18 (full 3):
 PSYoungGen      total 204800K, used 17394K [0x00000000e0000000, 0x00000000f3080000, 0x0000000100000000)
  eden space 187392K, 0% used [0x00000000e0000000,0x00000000e0000000,0x00000000eb700000)
  from space 17408K, 99% used [0x00000000eb700000,0x00000000ec7fc828,0x00000000ec800000)
  to   space 23040K, 0% used [0x00000000f1a00000,0x00000000f1a00000,0x00000000f3080000)
 ParOldGen       total 100352K, used 45646K [0x00000000a0000000, 0x00000000a6200000, 0x00000000e0000000)
  object space 100352K, 45% used [0x00000000a0000000,0x00000000a2c93930,0x00000000a6200000)
 Metaspace       used 67573K, capacity 69862K, committed 70016K, reserved 1110016K
  class space    used 9325K, capacity 9807K, committed 9856K, reserved 1048576K
}
Event: 294.152 GC heap before
{Heap before GC invocations=19 (full 3):
 PSYoungGen      total 204800K, used 204786K [0x00000000e0000000, 0x00000000f3080000, 0x0000000100000000)
  eden space 187392K, 100% used [0x00000000e0000000,0x00000000eb700000,0x00000000eb700000)
  from space 17408K, 99% used [0x00000000eb700000,0x00000000ec7fc828,0x00000000ec800000)
  to   space 23040K, 0% used [0x00000000f1a00000,0x00000000f1a00000,0x00000000f3080000)
 ParOldGen       total 100352K, used 45646K [0x00000000a0000000, 0x00000000a6200000, 0x00000000e0000000)
  object space 100352K, 45% used [0x00000000a0000000,0x00000000a2c93930,0x00000000a6200000)
 Metaspace       used 73724K, capacity 76456K, committed 76544K, reserved 1116160K
  class space    used 9899K, capacity 10479K, committed 10496K, reserved 1048576K
Event: 294.314 GC heap after
Heap after GC invocations=19 (full 3):
 PSYoungGen      total 273408K, used 10316K [0x00000000e0000000, 0x00000000f2800000, 0x0000000100000000)
  eden space 259072K, 0% used [0x00000000e0000000,0x00000000e0000000,0x00000000efd00000)
  from space 14336K, 71% used [0x00000000f1a00000,0x00000000f2413028,0x00000000f2800000)
  to   space 22016K, 0% used [0x00000000efd00000,0x00000000efd00000,0x00000000f1280000)
 ParOldGen       total 100352K, used 59671K [0x00000000a0000000, 0x00000000a6200000, 0x00000000e0000000)
  object space 100352K, 59% used [0x00000000a0000000,0x00000000a3a45ec0,0x00000000a6200000)
 Metaspace       used 73724K, capacity 76456K, committed 76544K, reserved 1116160K
  class space    used 9899K, capacity 10479K, committed 10496K, reserved 1048576K
}
Event: 892.965 GC heap before
{Heap before GC invocations=20 (full 3):
 PSYoungGen      total 273408K, used 269388K [0x00000000e0000000, 0x00000000f2800000, 0x0000000100000000)
  eden space 259072K, 100% used [0x00000000e0000000,0x00000000efd00000,0x00000000efd00000)
  from space 14336K, 71% used [0x00000000f1a00000,0x00000000f2413028,0x00000000f2800000)
  to   space 22016K, 0% used [0x00000000efd00000,0x00000000efd00000,0x00000000f1280000)
 ParOldGen       total 100352K, used 59671K [0x00000000a0000000, 0x00000000a6200000, 0x00000000e0000000)
  object space 100352K, 59% used [0x00000000a0000000,0x00000000a3a45ec0,0x00000000a6200000)
 Metaspace       used 76862K, capacity 79830K, committed 80000K, reserved 1118208K
  class space    used 10238K, capacity 10858K, committed 10880K, reserved 1048576K
Event: 893.171 GC heap after
Heap after GC invocations=20 (full 3):
 PSYoungGen      total 281088K, used 13434K [0x00000000e0000000, 0x00000000f6200000, 0x0000000100000000)
  eden space 259072K, 0% used [0x00000000e0000000,0x00000000e0000000,0x00000000efd00000)
  from space 22016K, 61% used [0x00000000efd00000,0x00000000f0a1e818,0x00000000f1280000)
  to   space 22016K, 0% used [0x00000000f4c80000,0x00000000f4c80000,0x00000000f6200000)
 ParOldGen       total 100352K, used 65077K [0x00000000a0000000, 0x00000000a6200000, 0x00000000e0000000)
  object space 100352K, 64% used [0x00000000a0000000,0x00000000a3f8d4d8,0x00000000a6200000)
 Metaspace       used 76862K, capacity 79830K, committed 80000K, reserved 1118208K
  class space    used 10238K, capacity 10858K, committed 10880K, reserved 1048576K
}
Event: 944.999 GC heap before
{Heap before GC invocations=21 (full 3):
 PSYoungGen      total 281088K, used 272506K [0x00000000e0000000, 0x00000000f6200000, 0x0000000100000000)
  eden space 259072K, 100% used [0x00000000e0000000,0x00000000efd00000,0x00000000efd00000)
  from space 22016K, 61% used [0x00000000efd00000,0x00000000f0a1e818,0x00000000f1280000)
  to   space 22016K, 0% used [0x00000000f4c80000,0x00000000f4c80000,0x00000000f6200000)
 ParOldGen       total 100352K, used 65077K [0x00000000a0000000, 0x00000000a6200000, 0x00000000e0000000)
  object space 100352K, 64% used [0x00000000a0000000,0x00000000a3f8d4d8,0x00000000a6200000)
 Metaspace       used 89546K, capacity 92502K, committed 92544K, reserved 1130496K
  class space    used 11691K, capacity 12376K, committed 12416K, reserved 1048576K
Event: 945.804 GC heap after
Heap after GC invocations=21 (full 3):
 PSYoungGen      total 322560K, used 21987K [0x00000000e0000000, 0x00000000f8900000, 0x0000000100000000)
  eden space 300544K, 0% used [0x00000000e0000000,0x00000000e0000000,0x00000000f2580000)
  from space 22016K, 99% used [0x00000000f4c80000,0x00000000f61f8c28,0x00000000f6200000)
  to   space 39936K, 0% used [0x00000000f2580000,0x00000000f2580000,0x00000000f4c80000)
 ParOldGen       total 106496K, used 106442K [0x00000000a0000000, 0x00000000a6800000, 0x00000000e0000000)
  object space 106496K, 99% used [0x00000000a0000000,0x00000000a67f2840,0x00000000a6800000)
 Metaspace       used 89546K, capacity 92502K, committed 92544K, reserved 1130496K
  class space    used 11691K, capacity 12376K, committed 12416K, reserved 1048576K
}
Event: 945.805 GC heap before
{Heap before GC invocations=22 (full 4):
 PSYoungGen      total 322560K, used 21987K [0x00000000e0000000, 0x00000000f8900000, 0x0000000100000000)
  eden space 300544K, 0% used [0x00000000e0000000,0x00000000e0000000,0x00000000f2580000)
  from space 22016K, 99% used [0x00000000f4c80000,0x00000000f61f8c28,0x00000000f6200000)
  to   space 39936K, 0% used [0x00000000f2580000,0x00000000f2580000,0x00000000f4c80000)
 ParOldGen       total 106496K, used 106442K [0x00000000a0000000, 0x00000000a6800000, 0x00000000e0000000)
  object space 106496K, 99% used [0x00000000a0000000,0x00000000a67f2840,0x00000000a6800000)
 Metaspace       used 89546K, capacity 92502K, committed 92544K, reserved 1130496K
  class space    used 11691K, capacity 12376K, committed 12416K, reserved 1048576K
Event: 951.844 GC heap after
Heap after GC invocations=22 (full 4):
 PSYoungGen      total 322560K, used 8070K [0x00000000e0000000, 0x00000000f8900000, 0x0000000100000000)
  eden space 300544K, 0% used [0x00000000e0000000,0x00000000e0000000,0x00000000f2580000)
  from space 22016K, 36% used [0x00000000f4c80000,0x00000000f5461be0,0x00000000f6200000)
  to   space 39936K, 0% used [0x00000000f2580000,0x00000000f2580000,0x00000000f4c80000)
 ParOldGen       total 202752K, used 106484K [0x00000000a0000000, 0x00000000ac600000, 0x00000000e0000000)
  object space 202752K, 52% used [0x00000000a0000000,0x00000000a67fd1a8,0x00000000ac600000)
 Metaspace       used 89503K, capacity 92378K, committed 92544K, reserved 1130496K
  class space    used 11678K, capacity 12354K, committed 12416K, reserved 1048576K
}

